draw                    : 3.036887381492030500 ms
step                    : 3.287085008714530200 ms {
    _meshInit           : 0.226157918506623840 ms
    _addToMesh          : 0.084708234389051260 ms
    _solve              : 2.268541933174951500 ms {
        calculateRho    : 0.962292715678232400 ms
        calculatePV     : 1.581472429057223300 ms }
    _detect             : 0.208114336121757100 ms
    _solveConstraints   : 0.023981976094052223 ms
    _integrate          : 0.045942901940485364 ms }
    
cnt : time
----|--------------------
1e9 : 1234.21630859375 ms
1e8 : 153.787109375000 ms 
1e7 : 19.3681640625000 ms
1e6 : 1.34204101562500 ms
1e5 : 0.19702148437500 ms
1e4 : 0.03515625000000 ms
1e3 : 0.00610351562500 ms
1e2 : 0.00512695312500 ms
1e1 : 0.00805664062500 ms


