-1.0, 0.0
-0.999, 1.251466098935577e-2
-0.9980000000000001, 9.996711200801149e-2
-0.9970000000000001, 0.3368826664387094
-0.9960000000000002, 0.7973376869777697
-0.9950000000000002, 1.5549607108258756
-0.9940000000000002, 2.6829335737505113
-0.9930000000000003, 4.25399253302068
-0.9920000000000003, 6.340429389213316
-0.9910000000000003, 9.014092606892483
-0.9900000000000004, 12.3463884341591
-0.9890000000000004, 16.40828202107405
-0.9880000000000005, 21.27029853695259
-0.9870000000000005, 27.00252428653095
-0.9860000000000005, 33.674607825004784
-0.9850000000000007, 41.35576107193979
-0.9840000000000007, 50.11476042405415
-0.9830000000000007, 60.019947866873096
-0.9820000000000008, 71.13923208525534
-0.9810000000000008, 83.54008957279164
-0.9800000000000009, 97.28956574007618
-0.9790000000000009, 112.45427602184517
-0.9780000000000009, 129.10040698299704
-0.977000000000001, 147.29371742347513
-0.976000000000001, 167.0995394820285
-0.975000000000001, 188.5827797388366
-0.9740000000000011, 211.8079203170201
-0.9730000000000011, 236.83901998301172
-0.9720000000000012, 263.7397152457966
-0.9710000000000012, 292.5732214550434
-0.9700000000000012, 323.4023338980797
-0.9690000000000013, 356.2894288957703
-0.9680000000000013, 391.2964648972371
-0.9670000000000013, 428.4849835734707
-0.9660000000000014, 467.91611090981775
-0.9650000000000014, 509.65055829731557
-0.9640000000000015, 553.7486236229214
-0.9630000000000015, 600.2701923586164
-0.9620000000000015, 649.2747386493538
-0.9610000000000016, 700.8213263999097
-0.9600000000000016, 754.9686103605893
-0.9590000000000016, 811.774837211806
-0.9580000000000017, 871.2978466475513
-0.9570000000000017, 933.5950724576974
-0.9560000000000018, 998.7235436092105
-0.9550000000000018, 1066.7398853262184
-0.9540000000000018, 1137.700320168951
-0.953000000000002, 1211.660669111562
-0.952000000000002, 1288.6763526187913
-0.951000000000002, 1368.8023917215567
-0.9500000000000021, 1452.0934090913627
-0.9490000000000021, 1538.6036301136064
-0.9480000000000022, 1628.3868839597617
-0.9470000000000022, 1721.4966046583952
-0.9460000000000022, 1817.985832165125
-0.9450000000000023, 1917.9072134313942
-0.9440000000000023, 2021.3130034721064
-0.9430000000000023, 2128.2550664322066
-0.9420000000000024, 2238.784876652064
-0.9410000000000024, 2352.953519731729
-0.9400000000000025, 2470.8116935941334
-0.9390000000000025, 2592.4097095470534
-0.9380000000000025, 2717.797493344067
-0.9370000000000026, 2847.0245862442603
-0.9360000000000026, 2980.1401460708908
-0.9350000000000026, 3117.19294826893
-0.9340000000000027, 3258.231386961383
-0.9330000000000027, 3403.303476004585
-0.9320000000000028, 3552.456850042302
-0.9310000000000028, 3705.7387655587777
-0.9300000000000028, 3863.196101930535
-0.9290000000000029, 4024.875362477162
-0.9280000000000029, 4190.822675510915
-0.9270000000000029, 4361.083795385207
-0.926000000000003, 4535.704103541958
-0.925000000000003, 4714.728609557836
-0.9240000000000032, 4898.201952189346
-0.9230000000000032, 5086.168400416818
-0.9220000000000032, 5278.671854487242
-0.9210000000000033, 5475.755846955989
-0.9200000000000033, 5677.463543727417
-0.9190000000000033, 5883.837745094274
-0.9180000000000034, 6094.920886776118
-0.9170000000000034, 6310.755040956462
-0.9160000000000035, 6531.381917318894
-0.9150000000000035, 6756.842864081943
-0.9140000000000035, 6987.178869033036
-0.9130000000000036, 7222.430560561042
-0.9120000000000036, 7462.63820868798
-0.9110000000000036, 7707.841726099326
-0.9100000000000037, 7958.080669173443
-0.9090000000000037, 8213.394239009649
-0.9080000000000038, 8473.821282455387
-0.9070000000000038, 8739.400293132017
-0.9060000000000038, 9010.169412459769
-0.9050000000000039, 9286.166430681269
-0.9040000000000039, 9567.428787884162
-0.9030000000000039, 9853.993575022485
-0.902000000000004, 10145.897534937034
-0.901000000000004, 10443.177063374404
-0.9000000000000041, 10745.868210005094
-0.8990000000000041, 11054.006679440385
-0.8980000000000041, 11367.627832248125
-0.8970000000000042, 11686.76668596737
-0.8960000000000042, 12011.457916121894
-0.8950000000000042, 12341.735857232588
-0.8940000000000043, 12677.634503828718
-0.8930000000000043, 13019.18751145806
-0.8920000000000045, 13366.428197695905
-0.8910000000000045, 13719.38954315293
-0.8900000000000045, 14078.104192481987
-0.8890000000000046, 14442.604455383605
-0.8880000000000046, 14812.922307610657
-0.8870000000000046, 15189.089391971604
-0.8860000000000047, 15571.137019332797
-0.8850000000000047, 15959.096169619468
-0.8840000000000048, 16352.997492815919
-0.8830000000000048, 16752.871309964135
-0.8820000000000048, 17158.747614161726
-0.8810000000000049, 17570.656071558416
-0.8800000000000049, 17988.62602235148
-0.8790000000000049, 18412.686481780107
-0.878000000000005, 18842.86614111876
-0.877000000000005, 19279.193368668988
-0.8760000000000051, 19721.69621075067
-0.8750000000000051, 20170.402392691616
-0.8740000000000051, 20625.339319816376
-0.8730000000000052, 21086.53407843379
-0.8720000000000052, 21554.013436823512
-0.8710000000000052, 22027.80384622118
-0.8700000000000053, 22507.931441802702
-0.8690000000000053, 22994.422043667306
-0.8680000000000054, 23487.301157819442
-0.8670000000000054, 23986.593977149645
-0.8660000000000054, 24492.325382414136
-0.8650000000000055, 25004.519943213447
-0.8640000000000055, 25523.20191896978
-0.8630000000000055, 26048.39525990335
-0.8620000000000057, 26580.12360800751
-0.8610000000000056, 27118.410298022813
-0.8600000000000058, 27663.27835840996
-0.8590000000000058, 28214.750512321392
-0.8580000000000058, 28772.849178572244
-0.8570000000000059, 29337.596472609628
-0.8560000000000059, 29909.0142074812
-0.8550000000000059, 30487.123894802182
-0.854000000000006, 31071.946745721845
-0.853000000000006, 31663.503671888186
-0.8520000000000061, 32261.815286412133
-0.8510000000000061, 32866.901904829945
-0.8500000000000061, 33478.783546065235
-0.8490000000000062, 34097.47993338908
-0.8480000000000062, 34723.01049537976
-0.8470000000000062, 35355.394366880726
-0.8460000000000063, 35994.65038995776
-0.8450000000000063, 36640.7971148552
-0.8440000000000064, 37293.85280095049
-0.8430000000000064, 37953.83541770806
-0.8420000000000064, 38620.7626456319
-0.8410000000000065, 39294.651877217184
-0.8400000000000065, 39975.520217900346
-0.8390000000000065, 40663.384487008494
-0.8380000000000066, 41358.26121870746
-0.8370000000000066, 42060.16666294875
-0.8360000000000067, 42769.11678641539
-0.8350000000000067, 43485.127273466635
-0.8340000000000067, 44208.21352708155
-0.8330000000000068, 44938.39066980146
-0.8320000000000068, 45675.673544671285
-0.8310000000000068, 46420.07671617978
-0.830000000000007, 47171.61447119836
-0.829000000000007, 47930.300819919445
-0.8280000000000071, 48696.14949679298
-0.8270000000000071, 49469.17396146229
-0.8260000000000071, 50249.387399698295
-0.8250000000000072, 51036.80272433353
-0.8240000000000072, 51831.43257619379
-0.8230000000000072, 52633.28932502983
-0.8220000000000073, 53442.385070447206
-0.8210000000000073, 54258.73164283501
-0.8200000000000074, 55082.34060429404
-0.8190000000000074, 55913.22324956314
-0.8180000000000074, 56751.39060694476
-0.8170000000000075, 57596.8534392297
-0.8160000000000075, 58449.62224461994
-0.8150000000000075, 59309.70725765097
-0.8140000000000076, 60177.11845011301
-0.8130000000000076, 61051.86553197054
-0.8120000000000077, 61933.95795228131
-0.8110000000000077, 62823.4049001139
-0.8100000000000077, 63720.21530546417
-0.8090000000000078, 64624.3978401709
-0.8080000000000078, 65535.960918829696
-0.8070000000000078, 66454.91269970628
-0.8060000000000079, 67381.26108564851
-0.8050000000000079, 68315.0137249972
-0.804000000000008, 69256.17801249595
-0.803000000000008, 70204.76109019946
-0.802000000000008, 71160.7698483815
-0.8010000000000081, 72124.21092644088
-0.8000000000000081, 73095.0907138068
-0.7990000000000081, 74073.41535084309
-0.7980000000000083, 75059.19072975077
-0.7970000000000083, 76052.42249547041
-0.7960000000000084, 77053.11604658261
-0.7950000000000084, 78061.27653620736
-0.7940000000000084, 79076.90887290293
-0.7930000000000085, 80100.01772156307
-0.7920000000000085, 81130.60750431282
-0.7910000000000085, 82168.68240140431
-0.7900000000000086, 83214.24635211001
-0.7890000000000086, 84267.30305561585
-0.7880000000000087, 85327.85597191322
-0.7870000000000087, 86395.90832268882
-0.7860000000000087, 87471.46309221488
-0.7850000000000088, 88554.5230282368
-0.7840000000000088, 89645.09064286077
-0.7830000000000088, 90743.16821343951
-0.7820000000000089, 91848.75778345771
-0.7810000000000089, 92961.8611634151
-0.780000000000009, 94082.47993170969
-0.779000000000009, 95210.61543551905
-0.778000000000009, 96346.26879168078
-0.7770000000000091, 97489.44088757187
-0.7760000000000091, 98640.13238198665
-0.7750000000000091, 99798.34370601413
-0.7740000000000092, 100964.07506391355
-0.7730000000000092, 102137.32643398952
-0.7720000000000093, 103318.09756946527
-0.7710000000000093, 104506.38799935552
-0.7700000000000093, 105702.19702933759
-0.7690000000000095, 106905.52374262192
-0.7680000000000095, 108116.36700082092
-0.7670000000000095, 109334.72544481725
-0.7660000000000096, 110560.59749563054
-0.7650000000000096, 111793.98135528309
-0.7640000000000097, 113034.87500766467
-0.7630000000000097, 114283.27621939582
-0.7620000000000097, 115539.1825406904
-0.7610000000000098, 116802.59130621662
-0.7600000000000098, 118073.49963595741
-0.7590000000000098, 119351.90443606902
-0.7580000000000099, 120637.80239973924
-0.7570000000000099, 121931.19000804404
-0.75600000000001, 123232.06353080305
-0.75500000000001, 124540.41902743398
-0.75400000000001, 125856.25234780631
-0.7530000000000101, 127179.55913309302
-0.7520000000000101, 128510.33481662194
-0.7510000000000101, 129848.57462472594
-0.7500000000000102, 131194.2735775912
-0.7490000000000102, 132547.4264901053
-0.7480000000000103, 133908.02797270374
-0.7470000000000103, 135276.07243221538
-0.7460000000000103, 136651.55407270652
-0.7450000000000104, 138034.46689632453
-0.7440000000000104, 139424.80470413956
-0.7430000000000104, 140822.56109698565
-0.7420000000000105, 142227.72947630027
-0.7410000000000105, 143640.30304496337
-0.7400000000000106, 145060.27480813474
-0.7390000000000106, 146487.63757409033
-0.7380000000000106, 147922.3839550578
-0.7370000000000108, 149364.50636805038
-0.7360000000000108, 150813.9970357001
-0.7350000000000108, 152270.8479870898
-0.7340000000000109, 153735.0510585835
-0.7330000000000109, 155206.59789465665
-0.732000000000011, 156685.47994872395
-0.731000000000011, 158171.68848396747
-0.730000000000011, 159665.21457416232
-0.7290000000000111, 161166.0491045022
-0.7280000000000111, 162674.18277242308
-0.7270000000000111, 164189.6060884263
-0.7260000000000112, 165712.30937690052
-0.7250000000000112, 167242.2827769417
-0.7240000000000113, 168779.5162431734
-0.7230000000000113, 170323.99954656442
-0.7220000000000113, 171875.72227524646
-0.7210000000000114, 173434.67383533044
-0.7200000000000114, 175000.8434517209
-0.7190000000000114, 176574.22016893016
-0.7180000000000115, 178154.79285189125
-0.7170000000000115, 179742.5501867692
-0.7160000000000116, 181337.48068177156
-0.7150000000000116, 182939.572667958
-0.7140000000000116, 184548.81430004822
-0.7130000000000117, 186165.19355722933
-0.7120000000000117, 187788.69824396132
-0.7110000000000117, 189419.3159907826
-0.7100000000000118, 191057.03425511325
-0.7090000000000118, 192701.84032205754
-0.708000000000012, 194353.72130520557
-0.707000000000012, 196012.66414743377
-0.706000000000012, 197678.65562170357
-0.7050000000000121, 199351.68233186004
-0.7040000000000121, 201031.73071342832
-0.7030000000000121, 202718.78703440994
-0.7020000000000122, 204412.8373960771
-0.7010000000000122, 206113.86773376644
-0.7000000000000123, 207821.86381767126
-0.6990000000000123, 209536.81125363297
-0.6980000000000123, 211258.69548393137
-0.6970000000000124, 212987.5017880736
-0.6960000000000124, 214723.21528358178
-0.6950000000000124, 216465.82092678038
-0.6940000000000125, 218215.3035135812
-0.6930000000000125, 219971.6476802685
-0.6920000000000126, 221734.8379042821
-0.6910000000000126, 223504.8585049995
-0.6900000000000126, 225281.69364451745
-0.6890000000000127, 227065.32732843174
-0.6880000000000127, 228855.74340661598
-0.6870000000000127, 230652.92557399962
-0.6860000000000128, 232456.85737134438
-0.6850000000000128, 234267.5221860198
-0.6840000000000129, 236084.90325277756
-0.6830000000000129, 237908.98365452501
-0.6820000000000129, 239739.74632309715
-0.681000000000013, 241577.17404002714
-0.680000000000013, 243421.24943731728
-0.679000000000013, 245271.95499820632
-0.6780000000000131, 247129.27305793855
-0.6770000000000131, 248993.185804529
-0.6760000000000133, 250863.67527952947
-0.6750000000000133, 252740.72337879305
-0.6740000000000133, 254624.31185323623
-0.6730000000000134, 256514.42230960182
-0.6720000000000134, 258411.03621121927
-0.6710000000000134, 260314.13487876454
-0.6700000000000135, 262223.6994910189
-0.6690000000000135, 264139.71108562575
-0.6680000000000136, 266062.15055984777
-0.6670000000000136, 267990.99867132155
-0.6660000000000136, 269926.2360388119
-0.6650000000000137, 271867.84314296476
-0.6640000000000137, 273815.8003270588
-0.6630000000000137, 275770.0877977566
-0.6620000000000138, 277730.68562585383
-0.6610000000000138, 279697.5737470275
-0.6600000000000139, 281670.73196258413
-0.6590000000000139, 283650.13994020474
-0.6580000000000139, 285635.7772146909
-0.657000000000014, 287627.6231887081
-0.656000000000014, 289625.65713352873
-0.655000000000014, 291629.85818977375
-0.6540000000000141, 293640.20536815305
-0.6530000000000141, 295656.6775502053
-0.6520000000000142, 297679.25348903576
-0.6510000000000142, 299707.9118100535
-0.6500000000000142, 301742.6310117078
-0.6490000000000143, 303783.38946622267
-0.6480000000000143, 305830.16542033077
-0.6470000000000143, 307882.936996006
-0.6460000000000145, 309941.68219119497
-0.6450000000000145, 312006.37888054765
-0.6440000000000146, 314077.00481614645
-0.6430000000000146, 316153.537628234
-0.6420000000000146, 318235.9548259409
-0.6410000000000147, 320324.233798011
-0.6400000000000147, 322418.3518135263
-0.6390000000000147, 324518.2860226305
-0.6380000000000148, 326624.01345725206
-0.6370000000000148, 328735.51103182463
-0.6360000000000149, 330852.7555440078
-0.6350000000000149, 332975.7236754065
-0.6340000000000149, 335104.3919922882
-0.633000000000015, 337238.7369463005
-0.632000000000015, 339378.7348751866
-0.631000000000015, 341524.3620034994
-0.6300000000000151, 343675.5944433158
-0.6290000000000151, 345832.4081949487
-0.6280000000000152, 347994.779147658
-0.6270000000000152, 350162.683080361
-0.6260000000000152, 352336.0956623407
-0.6250000000000153, 354514.9924539548
-0.6240000000000153, 356699.3489073414
-0.6230000000000153, 358889.1403671247
-0.6220000000000154, 361084.3420711202
-0.6210000000000154, 363284.9291510368
-0.6200000000000155, 365490.87663318013
-0.6190000000000155, 367702.15943915327
-0.6180000000000155, 369918.7523865555
-0.6170000000000156, 372140.63018968323
-0.6160000000000156, 374367.7674602264
-0.6150000000000156, 376600.1387079644
-0.6140000000000158, 378837.7183414636
-0.6130000000000158, 381080.4806687688
-0.6120000000000159, 383328.3998980995
-0.6110000000000159, 385581.45013853896
-0.6100000000000159, 387839.60540072765
-0.609000000000016, 390102.83959755086
-0.608000000000016, 392371.12654482946
-0.607000000000016, 394644.4399620056
-0.6060000000000161, 396922.75347282976
-0.6050000000000161, 399206.0406060465
-0.6040000000000162, 401494.274796078
-0.6030000000000162, 403787.42938370706
-0.6020000000000162, 406085.47761675995
-0.6010000000000163, 408388.3926507857
-0.6000000000000163, 410696.1475497365
-0.5990000000000163, 413008.71528664633
-0.5980000000000164, 415326.068744308
-0.5970000000000164, 417648.18071594957
-0.5960000000000165, 419975.02390590956
-0.5950000000000165, 422306.5709303106
-0.5940000000000165, 424642.79431773233
-0.5930000000000166, 426983.66650988394
-0.5920000000000166, 429329.1598622732
-0.5910000000000166, 431679.2466448774
-0.5900000000000167, 434033.89904281136
-0.5890000000000167, 436393.08915699326
-0.5880000000000168, 438756.789004814
-0.5870000000000168, 441124.9705207979
-0.5860000000000168, 443497.6055572702
-0.585000000000017, 445874.6658850171
-0.584000000000017, 448256.1231939498
-0.583000000000017, 450641.9490937622
-0.5820000000000171, 453032.1151145931
-0.5810000000000171, 455426.5927076817
-0.5800000000000172, 457825.35324602714
-0.5790000000000172, 460228.3680250421
-0.5780000000000172, 462635.60826321
-0.5770000000000173, 465047.04510273546
-0.5760000000000173, 467462.6496102013
-0.5750000000000173, 469882.39277721563
-0.5740000000000174, 472306.24552106456
-0.5730000000000174, 474734.1786853612
-0.5720000000000175, 477166.1630406929
-0.5710000000000175, 479602.1692852689
-0.5700000000000175, 482042.1680455651
-0.5690000000000176, 484486.1298769701
-0.5680000000000176, 486934.025264428
-0.5670000000000176, 489385.8246230804
-0.5660000000000177, 491841.4982989086
-0.5650000000000177, 494301.016569373
-0.5640000000000178, 496764.34964405297
-0.5630000000000178, 499231.46766528295
-0.5620000000000178, 501702.3407087913
-0.5610000000000179, 504176.9387843348
-0.5600000000000179, 506655.23183633387
-0.5590000000000179, 509137.18974450504
-0.558000000000018, 511622.78232449334
-0.557000000000018, 514111.9793285042
-0.5560000000000181, 516604.75044593326
-0.5550000000000181, 519101.065303994
-0.5540000000000181, 521600.8934683477
-0.5530000000000183, 524104.20444372715
-0.5520000000000183, 526610.9676745655
-0.5510000000000183, 529121.1525456175
-0.5500000000000184, 531634.7283825846
-0.5490000000000184, 534151.6644527372
-0.5480000000000185, 536671.9299655335
-0.5470000000000185, 539195.4940732425
-0.5460000000000185, 541722.3258715597
-0.5450000000000186, 544252.3944002267
-0.5440000000000186, 546785.6686436465
-0.5430000000000186, 549322.1175314994
-0.5420000000000187, 551861.7099393578
-0.5410000000000187, 554404.4146892979
-0.5400000000000188, 556950.2005505117
-0.5390000000000188, 559499.0362399202
-0.5380000000000188, 562050.8904227796
-0.5370000000000189, 564605.7317132929
-0.5360000000000189, 567163.5286752146
-0.5350000000000189, 569724.2498224595
-0.534000000000019, 572287.8636197067
-0.533000000000019, 574854.3384830034
-0.5320000000000191, 577423.6427803686
-0.5310000000000191, 579995.7448323942
-0.5300000000000191, 582570.6129128456
-0.5290000000000192, 585148.2152492618
-0.5280000000000192, 587728.5200235546
-0.5270000000000192, 590311.495372603
-0.5260000000000193, 592897.1093888525
-0.5250000000000193, 595485.3301209089
-0.5240000000000195, 598076.125574131
-0.5230000000000194, 600669.4637112262
-0.5220000000000194, 603265.3124528389
-0.5210000000000196, 605863.639678143
-0.5200000000000196, 608464.4132254317
-0.5190000000000196, 611067.6008927036
-0.5180000000000197, 613673.1704382523
-0.5170000000000197, 616281.0895812504
-0.5160000000000198, 618891.3260023354
-0.5150000000000198, 621503.8473441937
-0.5140000000000198, 624118.6212121425
-0.5130000000000199, 626735.6151747114
-0.5120000000000199, 629354.7967642229
-0.5110000000000199, 631976.133477372
-0.51000000000002, 634599.5927758035
-0.50900000000002, 637225.1420866902
-0.5080000000000201, 639852.7488033071
-0.5070000000000201, 642482.3802856074
-0.5060000000000201, 645114.0038607959
-0.5050000000000202, 647747.5868239013
-0.5040000000000202, 650383.0964383468
-0.5030000000000202, 653020.4999365219
-0.5020000000000203, 655659.7645203505
-0.5010000000000203, 658300.8573618579
-0.5000000000000204, 660943.74560374
-0.4990000000000204, 663588.3963599273
-0.4980000000000205, 666234.776716149
-0.4970000000000205, 668882.8537304987
-0.49600000000002054, 671532.5944339938
-0.4950000000000206, 674183.9658311398
-0.49400000000002064, 676836.9349004872
-0.49300000000002064, 679491.4685951932
-0.4920000000000207, 682147.5338435773
-0.49100000000002075, 684805.0975496798
-0.4900000000000208, 687464.1265938155
-0.4890000000000208, 690124.5878331304
-0.48800000000002086, 692786.4481021527
-0.4870000000000209, 695449.6742133457
-0.48600000000002097, 698114.2329576608
-0.48500000000002097, 700780.0911050835
-0.484000000000021, 703447.2154051859
-0.4830000000000211, 706115.5725876723
-0.48200000000002113, 708785.1293629261
-0.48100000000002113, 711455.8524225553
-0.4800000000000212, 714127.7084399374
-0.47900000000002124, 716800.6640707623
-0.4780000000000213, 719474.685953572
-0.4770000000000213, 722149.7407103045
-0.47600000000002135, 724825.7949468342
-0.4750000000000214, 727502.8152535057
-0.47400000000002146, 730180.7682056765
-0.47300000000002146, 732859.6203642507
-0.4720000000000215, 735539.3382762151
-0.47100000000002157, 738219.8884751725
-0.4700000000000216, 740901.2374818753
-0.4690000000000216, 743583.3518047576
-0.4680000000000217, 746266.1979404661
-0.46700000000002173, 748949.7423743873
-0.4660000000000218, 751633.9515811803
-0.4650000000000218, 754318.7920252999
-0.46400000000002184, 757004.2301615257
-0.4630000000000219, 759690.2324354849
-0.46200000000002195, 762376.7652841792
-0.46100000000002195, 765063.7951365046
-0.460000000000022, 767751.288413775
-0.45900000000002206, 770439.2115302423
-0.4580000000000221, 773127.5308936149
-0.4570000000000221, 775816.2129055773
-0.45600000000002217, 778505.223962308
-0.4550000000000222, 781194.5304549927
-0.4540000000000223, 783884.0987703421
-0.4530000000000223, 786573.8952911036
-0.45200000000002233, 789263.8863965768
-0.4510000000000224, 791954.0384631207
-0.45000000000002244, 794644.317864668
-0.44900000000002244, 797334.6909732337
-0.4480000000000225, 800025.1241594217
-0.44700000000002255, 802715.5837929321
-0.4460000000000226, 805406.0362430691
-0.4450000000000226, 808096.4478792436
-0.44400000000002265, 810786.7850714785
-0.4430000000000227, 813477.0141909091
-0.44200000000002276, 816167.1016102871
-0.44100000000002276, 818857.013704479
-0.4400000000000228, 821546.7168509656
-0.43900000000002287, 824236.1774303413
-0.4380000000000229, 826925.3618268083
-0.4370000000000229, 829614.2364286754
-0.436000000000023, 832302.7676288512
-0.43500000000002303, 834990.9218253365
-0.4340000000000231, 837678.6654217192
-0.4330000000000231, 840365.9648276629
-0.43200000000002314, 843052.7864593994
-0.4310000000000232, 845739.0967402159
-0.43000000000002325, 848424.8621009433
-0.42900000000002325, 851110.0489804446
-0.4280000000000233, 853794.6238260973
-0.42700000000002336, 856478.5530942804
-0.4260000000000234, 859161.8032508577
-0.4250000000000234, 861844.3407716587
-0.42400000000002347, 864526.13214296
-0.4230000000000235, 867207.1438619661
-0.4220000000000236, 869887.3424372879
-0.4210000000000236, 872566.6943894197
-0.42000000000002363, 875245.1662512169
-0.4190000000000237, 877922.7245683717
-0.41800000000002374, 880599.3358998838
-0.41700000000002374, 883274.966818539
-0.4160000000000238, 885949.5839113788
-0.41500000000002385, 888623.1537801693
-0.4140000000000239, 891295.6430418747
-0.4130000000000239, 893967.0183291236
-0.41200000000002396, 896637.2462906777
-0.411000000000024, 899306.2935918965
-0.41000000000002407, 901974.1269152054
-0.40900000000002407, 904640.7129605571
-0.4080000000000241, 907306.0184458973
-0.4070000000000242, 909970.0101076232
-0.40600000000002423, 912632.6547010485
-0.40500000000002423, 915293.9190008587
-0.4040000000000243, 917953.7698015742
-0.40300000000002434, 920612.1739180025
-0.4020000000000244, 923269.0981857001
-0.4010000000000244, 925924.5094614223
-0.40000000000002445, 928578.374623582
-0.3990000000000245, 931230.6605726988
-0.39800000000002456, 933881.3342318531
-0.39700000000002456, 936530.3625471356
-0.3960000000000246, 939177.7124880964
-0.39500000000002466, 941823.3510481968
-0.3940000000000247, 944467.245245251
-0.3930000000000247, 947109.3621218764
-0.3920000000000248, 949749.6687459374
-0.3910000000000248, 952388.1322109894
-0.3900000000000249, 955024.7196367206
-0.3890000000000249, 957659.3981693947
-0.38800000000002494, 960292.1349822917
-0.387000000000025, 962922.8972761459
-0.38600000000002505, 965551.6522795847
-0.38500000000002504, 968178.367249567
-0.3840000000000251, 970803.0094718165
-0.38300000000002515, 973425.5462612597
-0.3820000000000252, 976045.9449624565
-0.3810000000000252, 978664.1729500351
-0.38000000000002526, 981280.1976291229
-0.3790000000000253, 983893.9864357758
-0.37800000000002537, 986505.5068374086
-0.37700000000002537, 989114.7263332233
-0.3760000000000254, 991721.6124546343
-0.3750000000000255, 994326.1327656966
-0.37400000000002553, 996928.2548635274
-0.37300000000002553, 999527.9463787342
-0.3720000000000256, 1002125.1749758319
-0.37100000000002564, 1004719.9083536688
-0.3700000000000257, 1007312.1142458436
-0.3690000000000257, 1009901.7604211258
-0.36800000000002575, 1012488.8146838739
-0.3670000000000258, 1015073.2448744515
-0.36600000000002586, 1017655.0188696431
-0.36500000000002586, 1020234.1045830688
-0.3640000000000259, 1022810.4699655971
-0.36300000000002597, 1025384.0830057594
-0.362000000000026, 1027954.9117301583
-0.361000000000026, 1030522.9242038787
-0.3600000000000261, 1033088.0885308975
-0.35900000000002613, 1035650.3728544904
-0.3580000000000262, 1038209.7453576392
-0.3570000000000262, 1040766.1742634365
-0.35600000000002624, 1043319.6278354913
-0.3550000000000263, 1045870.0743783304
-0.35400000000002635, 1048417.4822378027
-0.35300000000002635, 1050961.819801479
-0.3520000000000264, 1053503.0554990524
-0.35100000000002646, 1056041.1578027366
-0.3500000000000265, 1058576.095227662
-0.3490000000000265, 1061107.836332277
-0.34800000000002657, 1063636.349718737
-0.3470000000000266, 1066161.604033304
-0.3460000000000267, 1068683.5679667378
-0.3450000000000267, 1071202.2102546855
-0.34400000000002673, 1073717.499678077
-0.3430000000000268, 1076229.4050635106
-0.34200000000002684, 1078737.895283645
-0.34100000000002684, 1081242.9392575838
-0.3400000000000269, 1083744.5059512632
-0.33900000000002695, 1086242.5643778383
-0.338000000000027, 1088737.0835980652
-0.337000000000027, 1091228.0327206838
-0.33600000000002705, 1093715.3809028035
-0.3350000000000271, 1096199.0973502784
-0.33400000000002716, 1098679.1513180907
-0.3330000000000272, 1101155.5121107276
-0.3320000000000272, 1103628.1490825594
-0.3310000000000273, 1106097.031638215
-0.3300000000000273, 1108562.1292329573
-0.3290000000000274, 1111023.4113730567
-0.3280000000000274, 1113480.8476161654
-0.32700000000002744, 1115934.4075716867
-0.3260000000000275, 1118384.0609011478
-0.32500000000002754, 1120829.7773185677
-0.32400000000002754, 1123271.5265908265
-0.3230000000000276, 1125709.2785380313
-0.32200000000002765, 1128143.0030338836
-0.3210000000000277, 1130572.6700060442
-0.3200000000000277, 1132998.2494364951
-0.31900000000002776, 1135419.711361905
-0.3180000000000278, 1137837.0258739886
-0.31700000000002787, 1140250.1631198672
-0.31600000000002787, 1142659.0933024292
-0.3150000000000279, 1145063.786680688
-0.314000000000028, 1147464.2135701375
-0.31300000000002803, 1149860.3443431093
-0.31200000000002803, 1152252.149429128
-0.3110000000000281, 1154639.599315263
-0.31000000000002814, 1157022.664546483
-0.3090000000000282, 1159401.3157260052
-0.3080000000000282, 1161775.5235156482
-0.30700000000002825, 1164145.2586361782
-0.3060000000000283, 1166510.49186766
-0.30500000000002836, 1168871.1940498017
-0.30400000000002836, 1171227.3360823004
-0.3030000000000284, 1173578.888925188
-0.30200000000002847, 1175925.8235991749
-0.3010000000000285, 1178268.1111859903
-0.3000000000000285, 1180605.7228287256
-0.2990000000000286, 1182938.629732173
-0.29800000000002863, 1185266.8031631662
-0.2970000000000287, 1187590.2144509158
-0.2960000000000287, 1189908.8349873484
-0.29500000000002874, 1192222.6362274406
-0.2940000000000288, 1194531.5896895544
-0.29300000000002885, 1196835.6669557688
-0.29200000000002885, 1199134.839672215
-0.2910000000000289, 1201429.0795494053
-0.29000000000002896, 1203718.3583625637
-0.289000000000029, 1206002.6479519529
-0.288000000000029, 1208281.9202232063
-0.28700000000002907, 1210556.147147649
-0.2860000000000291, 1212825.300762629
-0.2850000000000292, 1215089.3531718361
-0.2840000000000292, 1217348.27654563
-0.28300000000002923, 1219602.0431213572
-0.2820000000000293, 1221850.6252036777
-0.28100000000002934, 1224093.995164879
-0.28000000000002934, 1226332.125445199
-0.2790000000000294, 1228564.9885531424
-0.27800000000002945, 1230792.5570657956
-0.2770000000000295, 1233014.8036291432
-0.2760000000000295, 1235231.7009583833
-0.27500000000002955, 1237443.2218382386
-0.2740000000000296, 1239649.3391232688
-0.27300000000002966, 1241850.0257381818
-0.27200000000002966, 1244045.2546781427
-0.2710000000000297, 1246234.9990090833
-0.27000000000002977, 1248419.231868009
-0.2690000000000298, 1250597.926463304
-0.2680000000000298, 1252771.056075039
-0.2670000000000299, 1254938.594055272
-0.26600000000002993, 1257100.5138283535
-0.26500000000003, 1259256.7888912275
-0.26400000000003, 1261407.3928137324
-0.26300000000003004, 1263552.2992388988
-0.2620000000000301, 1265691.4818832509
-0.26100000000003015, 1267824.9145371018
-0.26000000000003015, 1269952.571064849
-0.2590000000000302, 1272074.4254052707
-0.25800000000003026, 1274190.4515718205
-0.2570000000000303, 1276300.6236529166
-0.2560000000000303, 1278404.9158122372
-0.25500000000003037, 1280503.3022890086
-0.2540000000000304, 1282595.7573982961
-0.2530000000000305, 1284682.2555312905
-0.2520000000000305, 1286762.7711555972
-0.25100000000003053, 1288837.2788155198
-0.2500000000000306, 1290905.7531323466
-0.2490000000000306, 1292968.1688046353
-0.24800000000003067, 1295024.5006084922
-0.2470000000000307, 1297074.723397856
-0.24600000000003075, 1299118.8121047781
-0.24500000000003078, 1301156.7417397024
-0.24400000000003083, 1303188.48739174
-0.24300000000003086, 1305214.0242289505
-0.2420000000000309, 1307233.3274986143
-0.24100000000003094, 1309246.37252751
-0.240000000000031, 1311253.1347221853
-0.23900000000003102, 1313253.5895692324
-0.23800000000003108, 1315247.712635556
-0.2370000000000311, 1317235.4795686468
-0.23600000000003116, 1319216.866096847
-0.23500000000003118, 1321191.8480296219
-0.23400000000003124, 1323160.4012578232
-0.23300000000003127, 1325122.5017539577
-0.23200000000003132, 1327078.12557245
-0.23100000000003135, 1329027.248849905
-0.2300000000000314, 1330969.8478053736
-0.22900000000003143, 1332905.8987406106
-0.22800000000003148, 1334835.3780403344
-0.2270000000000315, 1336758.262172491
-0.22600000000003156, 1338674.5276885035
-0.2250000000000316, 1340584.151223537
-0.22400000000003165, 1342487.1094967474
-0.22300000000003167, 1344383.3793115416
-0.22200000000003173, 1346272.9375558253
-0.22100000000003175, 1348155.761202259
-0.2200000000000318, 1350031.827308508
-0.21900000000003184, 1351901.1130174906
-0.2180000000000319, 1353763.5955576282
-0.21700000000003192, 1355619.2522430944
-0.21600000000003197, 1357468.0604740586
-0.215000000000032, 1359309.997736933
-0.21400000000003205, 1361145.0416046157
-0.21300000000003208, 1362973.169736736
-0.21200000000003213, 1364794.3598798933
-0.21100000000003216, 1366608.5898679006
-0.21000000000003222, 1368415.8376220234
-0.20900000000003224, 1370216.0811512165
-0.2080000000000323, 1372009.2985523643
-0.20700000000003232, 1373795.4680105152
-0.20600000000003238, 1375574.5677991179
-0.2050000000000324, 1377346.5762802535
-0.20400000000003246, 1379111.4719048722
-0.2030000000000325, 1380869.2332130205
-0.20200000000003254, 1382619.8388340746
-0.20100000000003257, 1384363.267486971
-0.20000000000003262, 1386099.4979804314
-0.19900000000003265, 1387828.5092131929
-0.1980000000000327, 1389550.2801742344
-0.19700000000003273, 1391264.7899429977
-0.1960000000000328, 1392972.0176896174
-0.1950000000000328, 1394671.9426751377
-0.19400000000003287, 1396364.5442517393
-0.1930000000000329, 1398049.801862955
-0.19200000000003295, 1399727.6950438942
-0.19100000000003298, 1401398.2034214567
-0.19000000000003303, 1403061.3067145515
-0.18900000000003306, 1404716.9847343147
-0.1880000000000331, 1406365.2173843214
-0.18700000000003314, 1408005.9846608008
-0.1860000000000332, 1409639.2666528493
-0.18500000000003322, 1411265.0435426407
-0.18400000000003328, 1412883.2956056376
-0.1830000000000333, 1414494.0032108019
-0.18200000000003336, 1416097.1468207992
-0.18100000000003338, 1417692.706992209
-0.18000000000003344, 1419280.6643757296
-0.17900000000003347, 1420860.999716383
-0.17800000000003352, 1422433.693853718
-0.17700000000003355, 1423998.7277220122
-0.1760000000000336, 1425556.0823504755
-0.17500000000003363, 1427105.7388634481
-0.17400000000003368, 1428647.678480601
-0.1730000000000337, 1430181.8825171338
-0.17200000000003376, 1431708.332383969
-0.1710000000000338, 1433227.0095879526
-0.17000000000003385, 1434737.8957320445
-0.16900000000003387, 1436240.9725155123
-0.16800000000003393, 1437736.2217341282
-0.16700000000003395, 1439223.6252803528
-0.166000000000034, 1440703.165143532
-0.16500000000003404, 1442174.8234100803
-0.1640000000000341, 1443638.5822636753
-0.16300000000003412, 1445094.4239854356
-0.16200000000003417, 1446542.3309541154
-0.1610000000000342, 1447982.2856462821
-0.16000000000003425, 1449414.2706365031
-0.15900000000003428, 1450838.2685975274
-0.15800000000003434, 1452254.262300466
-0.15700000000003436, 1453662.2346149727
-0.15600000000003442, 1455062.1685094205
-0.15500000000003444, 1456454.0470510826
-0.1540000000000345, 1457837.8534063087
-0.15300000000003453, 1459213.5708406966
-0.15200000000003458, 1460581.1827192702
-0.1510000000000346, 1461940.6725066518
-0.15000000000003466, 1463292.0237672336
-0.1490000000000347, 1464635.220165348
-0.14800000000003474, 1465970.2454654395
-0.14700000000003477, 1467297.0835322302
-0.14600000000003482, 1468615.7183308913
-0.14500000000003485, 1469926.1339272058
-0.1440000000000349, 1471228.3144877353
-0.14300000000003493, 1472522.2442799855
-0.142000000000035, 1473807.9076725652
-0.14100000000003501, 1475085.2891353525
-0.14000000000003507, 1476354.3732396546
-0.1390000000000351, 1477615.1446583637
-0.13800000000003515, 1478867.5881661212
-0.13700000000003518, 1480111.688639471
-0.13600000000003523, 1481347.4310570175
-0.13500000000003526, 1482574.8004995785
-0.1340000000000353, 1483793.7821503435
-0.13300000000003534, 1485004.3612950211
-0.1320000000000354, 1486206.5233219967
-0.13100000000003542, 1487400.2537224768
-0.13000000000003548, 1488585.5380906425
-0.1290000000000355, 1489762.3621237983
-0.12800000000003556, 1490930.711622516
-0.12700000000003558, 1492090.5724907836
-0.12600000000003564, 1493241.9307361497
-0.12500000000003567, 1494384.7724698654
-0.1240000000000357, 1495519.0839070303
-0.12300000000003575, 1496644.8513667316
-0.12200000000003579, 1497762.0612721846
-0.12100000000003583, 1498870.7001508737
-0.12000000000003587, 1499970.7546346888
-0.11900000000003591, 1501062.2114600637
-0.11800000000003595, 1502145.05746811
-0.11700000000003599, 1503219.2796047549
-0.11600000000003603, 1504284.8649208727
-0.11500000000003607, 1505341.8005724184
-0.11400000000003611, 1506390.073820557
-0.11300000000003615, 1507429.6720317977
-0.1120000000000362, 1508460.582678118
-0.11100000000003624, 1509482.7933370974
-0.11000000000003628, 1510496.2916920404
-0.10900000000003632, 1511501.065532101
-0.10800000000003636, 1512497.1027524136
-0.1070000000000364, 1513484.391354209
-0.10600000000003644, 1514462.919444943
-0.10500000000003648, 1515432.6752384126
-0.10400000000003652, 1516393.6470548806
-0.10300000000003656, 1517345.8233211911
-0.1020000000000366, 1518289.1925708891
-0.10100000000003664, 1519223.743444338
-0.10000000000003668, 1520149.4646888333
-9.900000000003673e-2, 1521066.3451587164
-9.800000000003677e-2, 1521974.3738154927
-9.70000000000368e-2, 1522873.5397279388
-9.600000000003685e-2, 1523763.832072215
-9.500000000003689e-2, 1524645.2401319772
-9.400000000003693e-2, 1525517.7532984833
-9.300000000003697e-2, 1526381.3610707023
-9.200000000003701e-2, 1527236.0530554203
-9.100000000003705e-2, 1528081.8189673463
-9.000000000003709e-2, 1528918.6486292167
-8.900000000003713e-2, 1529746.5319718982
-8.800000000003717e-2, 1530565.4590344892
-8.700000000003721e-2, 1531375.419964422
-8.600000000003725e-2, 1532176.4050175631
-8.50000000000373e-2, 1532968.4045583098
-8.400000000003734e-2, 1533751.409059688
-8.300000000003738e-2, 1534525.4091034513
-8.200000000003742e-2, 1535290.395380174
-8.100000000003746e-2, 1536046.3586893464
-8.00000000000375e-2, 1536793.289939465
-7.900000000003754e-2, 1537531.1801481303
-7.800000000003758e-2, 1538260.0204421298
-7.700000000003762e-2, 1538979.802057536
-7.600000000003766e-2, 1539690.516339789
-7.50000000000377e-2, 1540392.1547437853
-7.400000000003774e-2, 1541084.7088339648
-7.300000000003778e-2, 1541768.1702843974
-7.200000000003783e-2, 1542442.5308788635
-7.100000000003787e-2, 1543107.7825109388
-7.00000000000379e-2, 1543763.9171840777
-6.900000000003795e-2, 1544410.927011691
-6.800000000003799e-2, 1545048.8042172268
-6.700000000003803e-2, 1545677.5411342494
-6.600000000003807e-2, 1546297.1302065144
-6.500000000003811e-2, 1546907.56398805
-6.400000000003815e-2, 1547508.8351432248
-6.300000000003819e-2, 1548100.9364468276
-6.200000000003824e-2, 1548683.8607841365
-6.100000000003828e-2, 1549257.6011509926
-6.000000000003832e-2, 1549822.1506538703
-5.900000000003836e-2, 1550377.5025099453
-5.80000000000384e-2, 1550923.6500471644
-5.7000000000038444e-2, 1551460.586704312
-5.6000000000038484e-2, 1551988.3060310744
-5.5000000000038525e-2, 1552506.8016881093
-5.4000000000038566e-2, 1553016.0674471045
-5.3000000000038607e-2, 1553516.0971908434
-5.200000000003865e-2, 1554006.884913265
-5.100000000003869e-2, 1554488.4247195243
-5.000000000003873e-2, 1554960.7108260547
-4.900000000003877e-2, 1555423.7375606205
-4.800000000003881e-2, 1555877.499362379
-4.700000000003885e-2, 1556321.9907819328
-4.600000000003889e-2, 1556757.2064813867
-4.500000000003893e-2, 1557183.1412343998
-4.400000000003897e-2, 1557599.7899262398
-4.3000000000039014e-2, 1558007.1475538323
-4.2000000000039055e-2, 1558405.2092258113
-4.1000000000039095e-2, 1558793.970162571
-4.0000000000039136e-2, 1559173.4256963087
-3.900000000003918e-2, 1559543.571271077
-3.800000000003922e-2, 1559904.4024428243
-3.700000000003926e-2, 1560255.9148794457
-3.60000000000393e-2, 1560598.1043608198
-3.500000000003934e-2, 1560930.9667788541
-3.400000000003938e-2, 1561254.4981375276
-3.300000000003942e-2, 1561568.6945529284
-3.200000000003946e-2, 1561873.5522532933
-3.1000000000039503e-2, 1562169.0675790461
-3.0000000000039544e-2, 1562455.2369828334
-2.9000000000039584e-2, 1562732.0570295614
-2.8000000000039625e-2, 1562999.524396429
-2.7000000000039666e-2, 1563257.6358729631
-2.6000000000039707e-2, 1563506.3883610473
-2.5000000000039747e-2, 1563745.778874955
-2.4000000000039788e-2, 1563975.8045413804
-2.300000000003983e-2, 1564196.4625994666
-2.200000000003987e-2, 1564407.7504008303
-2.100000000003991e-2, 1564609.6654095924
-2.000000000003995e-2, 1564802.205202403
-1.9000000000039992e-2, 1564985.3674684607
-1.8000000000040033e-2, 1565159.1500095432
-1.7000000000040073e-2, 1565323.550740022
-1.6000000000040114e-2, 1565478.5676868905
-1.5000000000040155e-2, 1565624.1989897757
-1.4000000000040196e-2, 1565760.4429009657
-1.3000000000040236e-2, 1565887.2977854188
-1.2000000000040277e-2, 1566004.7621207847
-1.1000000000040318e-2, 1566112.8344974206
-1.0000000000040359e-2, 1566211.5136184006
-9.0000000000404e-3, 1566300.7982995324
-8.00000000004044e-3, 1566380.6874693695
-7.000000000040481e-3, 1566451.1801692185
-6.0000000000405215e-3, 1566512.2755531524
-5.000000000040562e-3, 1566563.9728880168
-4.000000000040603e-3, 1566606.2715534375
-3.0000000000406438e-3, 1566639.1710418274
-2.0000000000406845e-3, 1566662.670958392
-1.0000000000407253e-3, 1566676.7710211317
-4.0766001685454967e-14, 1566681.4710608446
9.999999999591933e-4, 1566676.7710211321
1.9999999999591525e-3, 1566662.6709583933
2.9999999999591118e-3, 1566639.1710418295
3.999999999959071e-3, 1566606.2715534405
4.99999999995903e-3, 1566563.9728880203
5.9999999999589895e-3, 1566512.275553157
6.999999999958949e-3, 1566451.180169224
7.999999999958908e-3, 1566380.6874693756
8.999999999958867e-3, 1566300.7982995394
9.999999999958827e-3, 1566211.5136184082
1.0999999999958786e-2, 1566112.834497429
1.1999999999958745e-2, 1566004.7621207943
1.2999999999958704e-2, 1565887.2977854284
1.3999999999958664e-2, 1565760.4429009766
1.4999999999958623e-2, 1565624.1989897874
1.5999999999958582e-2, 1565478.5676869024
1.699999999995854e-2, 1565323.5507400355
1.79999999999585e-2, 1565159.1500095567
1.899999999995846e-2, 1564985.3674684754
1.999999999995842e-2, 1564802.2052024184
2.099999999995838e-2, 1564609.665409609
2.1999999999958338e-2, 1564407.7504008468
2.2999999999958297e-2, 1564196.4625994836
2.3999999999958256e-2, 1563975.8045413988
2.4999999999958215e-2, 1563745.778874974
2.5999999999958175e-2, 1563506.3883610668
2.6999999999958134e-2, 1563257.635872984
2.7999999999958093e-2, 1562999.5243964512
2.8999999999958052e-2, 1562732.0570295837
2.999999999995801e-2, 1562455.236982856
3.099999999995797e-2, 1562169.0675790694
3.199999999995793e-2, 1561873.5522533176
3.299999999995789e-2, 1561568.694552954
3.399999999995785e-2, 1561254.498137554
3.499999999995781e-2, 1560930.966778881
3.599999999995777e-2, 1560598.1043608468
3.6999999999957726e-2, 1560255.914879474
3.7999999999957686e-2, 1559904.402442854
3.8999999999957645e-2, 1559543.5712711061
3.9999999999957604e-2, 1559173.4256963395
4.099999999995756e-2, 1558793.9701626017
4.199999999995752e-2, 1558405.2092258437
4.299999999995748e-2, 1558007.1475538649
4.399999999995744e-2, 1557599.7899262733
4.49999999999574e-2, 1557183.1412344344
4.599999999995736e-2, 1556757.2064814216
4.699999999995732e-2, 1556321.990781969
4.799999999995728e-2, 1555877.499362416
4.899999999995724e-2, 1555423.7375606583
4.99999999999572e-2, 1554960.7108260929
5.0999999999957156e-2, 1554488.4247195637
5.1999999999957115e-2, 1554006.8849133048
5.2999999999957075e-2, 1553516.0971908844
5.3999999999957034e-2, 1553016.0674471457
5.499999999995699e-2, 1552506.8016881512
5.599999999995695e-2, 1551988.306031117
5.699999999995691e-2, 1551460.5867043547
5.799999999995687e-2, 1550923.6500472084
5.899999999995683e-2, 1550377.50250999
5.999999999995679e-2, 1549822.1506539164
6.099999999995675e-2, 1549257.6011510394
6.199999999995671e-2, 1548683.860784184
6.299999999995666e-2, 1548100.9364468753
6.399999999995662e-2, 1547508.8351432737
6.499999999995658e-2, 1546907.5639881
6.599999999995654e-2, 1546297.130206565
6.69999999999565e-2, 1545677.5411342997
6.799999999995646e-2, 1545048.8042172787
6.899999999995642e-2, 1544410.9270117437
6.999999999995637e-2, 1543763.917184131
7.099999999995633e-2, 1543107.7825109928
7.19999999999563e-2, 1542442.530878918
7.299999999995625e-2, 1541768.1702844533
7.399999999995621e-2, 1541084.7088340211
7.499999999995617e-2, 1540392.1547438418
7.599999999995613e-2, 1539690.516339847
7.699999999995609e-2, 1538979.802057594
7.799999999995605e-2, 1538260.020442189
7.899999999995601e-2, 1537531.1801481897
7.999999999995597e-2, 1536793.2899395262
8.099999999995593e-2, 1536046.3586894071
8.199999999995589e-2, 1535290.3953802364
8.299999999995585e-2, 1534525.4091035144
8.39999999999558e-2, 1533751.4090597518
8.499999999995576e-2, 1532968.404558374
8.599999999995572e-2, 1532176.4050176283
8.699999999995568e-2, 1531375.4199644881
8.799999999995564e-2, 1530565.4590345556
8.89999999999556e-2, 1529746.531971965
8.999999999995556e-2, 1528918.6486292845
9.099999999995552e-2, 1528081.8189674146
9.199999999995548e-2, 1527236.0530554892
9.299999999995544e-2, 1526381.3610707724
9.39999999999554e-2, 1525517.753298554
9.499999999995536e-2, 1524645.2401320487
9.599999999995532e-2, 1523763.832072287
9.699999999995527e-2, 1522873.5397280115
9.799999999995523e-2, 1521974.3738155665
9.89999999999552e-2, 1521066.3451587912
9.999999999995515e-2, 1520149.464688908
0.10099999999995511, 1519223.7434444139
0.10199999999995507, 1518289.1925709662
0.10299999999995503, 1517345.8233212682
0.10399999999995499, 1516393.6470549586
0.10499999999995495, 1515432.6752384915
0.10599999999995491, 1514462.9194450222
0.10699999999995487, 1513484.3913542891
0.10799999999995483, 1512497.1027524944
0.10899999999995479, 1511501.0655321823
0.10999999999995475, 1510496.2916921224
0.1109999999999547, 1509482.7933371807
0.11199999999995466, 1508460.5826782023
0.11299999999995462, 1507429.6720318822
0.11399999999995458, 1506390.0738206424
0.11499999999995454, 1505341.8005725043
0.1159999999999545, 1504284.8649209598
0.11699999999995446, 1503219.2796048427
0.11799999999995442, 1502145.0574681982
0.11899999999995438, 1501062.211460152
0.11999999999995434, 1499970.7546347785
0.1209999999999543, 1498870.7001509639
0.12199999999995426, 1497762.0612722754
0.12299999999995422, 1496644.851366823
0.12399999999995417, 1495519.083907123
0.12499999999995413, 1494384.7724699585
0.1259999999999541, 1493241.9307362428
0.12699999999995407, 1492090.572490878
0.127999999999954, 1490930.711622611
0.12899999999995398, 1489762.3621238936
0.12999999999995393, 1488585.538090739
0.1309999999999539, 1487400.2537225734
0.13199999999995385, 1486206.5233220945
0.13299999999995382, 1485004.3612951199
0.13399999999995377, 1483793.7821504425
0.13499999999995374, 1482574.8004996786
0.13599999999995369, 1481347.4310571174
0.13699999999995366, 1480111.6886395724
0.1379999999999536, 1478867.5881662231
0.13899999999995358, 1477615.1446584659
0.13999999999995352, 1476354.3732397573
0.1409999999999535, 1475085.2891354568
0.14199999999995344, 1473807.9076726695
0.14299999999995341, 1472522.2442800908
0.14399999999995336, 1471228.3144878417
0.14499999999995333, 1469926.1339273127
0.14599999999995328, 1468615.718330999
0.14699999999995325, 1467297.0835323385
0.1479999999999532, 1465970.2454655478
0.14899999999995317, 1464635.2201654573
0.14999999999995312, 1463292.0237673435
0.1509999999999531, 1461940.6725067624
0.15199999999995303, 1460581.182719381
0.152999999999953, 1459213.570840808
0.15399999999995295, 1457837.8534064214
0.15499999999995293, 1456454.047051196
0.15599999999995287, 1455062.1685095339
0.15699999999995284, 1453662.234615087
0.1579999999999528, 1452254.2623005812
0.15899999999995276, 1450838.2685976434
0.1599999999999527, 1449414.2706366198
0.16099999999995268, 1447982.2856463988
0.16199999999995263, 1446542.3309542332
0.1629999999999526, 1445094.4239855534
0.16399999999995254, 1443638.5822637938
0.16499999999995252, 1442174.8234102007
0.16599999999995246, 1440703.1651436517
0.16699999999995244, 1439223.6252804736
0.16799999999995238, 1437736.2217342497
0.16899999999995236, 1436240.9725156345
0.1699999999999523, 1434737.8957321665
0.17099999999995227, 1433227.009588076
0.17199999999995222, 1431708.3323840932
0.1729999999999522, 1430181.8825172584
0.17399999999995214, 1428647.678480727
0.1749999999999521, 1427105.7388635743
0.17599999999995206, 1425556.0823506024
0.17699999999995203, 1423998.7277221396
0.17799999999995197, 1422433.693853846
0.17899999999995195, 1420860.9997165117
0.1799999999999519, 1419280.6643758588
0.18099999999995187, 1417692.706992339
0.1819999999999518, 1416097.1468209296
0.18299999999995178, 1414494.0032109336
0.18399999999995173, 1412883.2956057698
0.1849999999999517, 1411265.0435427725
0.18599999999995165, 1409639.2666529815
0.18699999999995162, 1408005.9846609347
0.18799999999995157, 1406365.2173844555
0.18899999999995154, 1404716.9847344498
0.18999999999995149, 1403061.306714687
0.19099999999995146, 1401398.2034215925
0.1919999999999514, 1399727.695044031
0.19299999999995138, 1398049.8018630925
0.19399999999995132, 1396364.5442518767
0.1949999999999513, 1394671.942675276
0.19599999999995124, 1392972.0176897564
0.19699999999995121, 1391264.789943137
0.19799999999995116, 1389550.280174374
0.19899999999995113, 1387828.509213334
0.19999999999995108, 1386099.4979805727
0.20099999999995105, 1384363.2674871124
0.201999999999951, 1382619.8388342168
0.20299999999995097, 1380869.2332131632
0.20399999999995092, 1379111.4719050156
0.2049999999999509, 1377346.576280398
0.20599999999995083, 1375574.5677992627
0.2069999999999508, 1373795.4680106605
0.20799999999995075, 1372009.29855251
0.20899999999995073, 1370216.0811513625
0.20999999999995067, 1368415.8376221696
0.21099999999995064, 1366608.5898680484
0.2119999999999506, 1364794.3598800413
0.21299999999995056, 1362973.1697368843
0.2139999999999505, 1361145.0416047645
0.21499999999995048, 1359309.9977370824
0.21599999999995043, 1357468.060474209
0.2169999999999504, 1355619.2522432457
0.21799999999995034, 1353763.59555778
0.21899999999995032, 1351901.1130176424
0.21999999999995026, 1350031.827308661
0.22099999999995024, 1348155.7612024127
0.22199999999995018, 1346272.9375559795
0.22299999999995015, 1344383.379311696
0.2239999999999501, 1342487.1094969027
0.22499999999995007, 1340584.151223692
0.22599999999995002, 1338674.5276886595
0.22699999999995, 1336758.2621726473
0.22799999999994994, 1334835.3780404914
0.2289999999999499, 1332905.898740768
0.22999999999994986, 1330969.8478055317
0.23099999999994983, 1329027.2488500641
0.23199999999994977, 1327078.125572609
0.23299999999994975, 1325122.5017541177
0.2339999999999497, 1323160.4012579836
0.23499999999994967, 1321191.8480297825
0.2359999999999496, 1319216.8660970086
0.23699999999994958, 1317235.4795688086
0.23799999999994953, 1315247.7126357188
0.2389999999999495, 1313253.5895693954
0.23999999999994945, 1311253.134722349
0.24099999999994942, 1309246.3725276738
0.24199999999994937, 1307233.3274987787
0.24299999999994934, 1305214.0242291158
0.24399999999994929, 1303188.4873919056
0.24499999999994926, 1301156.7417398684
0.2459999999999492, 1299118.8121049448
0.24699999999994918, 1297074.7233980228
0.24799999999994912, 1295024.5006086593
0.2489999999999491, 1292968.1688048034
0.24999999999994904, 1290905.7531325154
0.250999999999949, 1288837.2788156888
0.251999999999949, 1286762.7711557662
0.25299999999994893, 1284682.2555314607
0.2539999999999489, 1282595.7573984663
0.2549999999999488, 1280503.3022891798
0.2559999999999488, 1278404.9158124086
0.25699999999994877, 1276300.6236530882
0.2579999999999487, 1274190.4515719926
0.25899999999994866, 1272074.4254054439
0.25999999999994866, 1269952.5710650221
0.2609999999999486, 1267824.9145372754
0.26199999999994855, 1265691.4818834248
0.2629999999999485, 1263552.299239073
0.2639999999999485, 1261407.3928139072
0.26499999999994844, 1259256.788891403
0.2659999999999484, 1257100.5138285295
0.26699999999994833, 1254938.5940554487
0.26799999999994834, 1252771.0560752163
0.2689999999999483, 1250597.9264634817
0.2699999999999482, 1248419.2318681867
0.27099999999994817, 1246234.9990092616
0.27199999999994817, 1244045.2546783213
0.2729999999999481, 1241850.0257383606
0.27399999999994806, 1239649.3391234486
0.274999999999948, 1237443.2218384189
0.275999999999948, 1235231.700958564
0.27699999999994795, 1233014.8036293243
0.2779999999999479, 1230792.5570659768
0.27899999999994785, 1228564.9885533245
0.27999999999994785, 1226332.1254453815
0.2809999999999478, 1224093.9951650617
0.28199999999994774, 1221850.6252038607
0.2829999999999477, 1219602.043121541
0.2839999999999477, 1217348.2765458133
0.28499999999994763, 1215089.3531720203
0.2859999999999476, 1212825.3007628138
0.2869999999999475, 1210556.1471478338
0.2879999999999475, 1208281.9202233916
0.28899999999994747, 1206002.6479521391
0.2899999999999474, 1203718.3583627502
0.29099999999994736, 1201429.0795495927
0.29199999999994736, 1199134.839672403
0.2929999999999473, 1196835.666955956
0.29399999999994725, 1194531.5896897418
0.2949999999999472, 1192222.636227629
0.2959999999999472, 1189908.8349875372
0.29699999999994714, 1187590.2144511049
0.2979999999999471, 1185266.8031633554
0.29899999999994703, 1182938.629732363
0.29999999999994703, 1180605.7228289158
0.300999999999947, 1178268.111186181
0.3019999999999469, 1175925.8235993658
0.30299999999994687, 1173578.8889253794
0.30399999999994687, 1171227.3360824925
0.3049999999999468, 1168871.194049994
0.30599999999994676, 1166510.4918678526
0.3069999999999467, 1164145.2586363715
0.3079999999999467, 1161775.5235158412
0.30899999999994665, 1159401.315726199
0.3099999999999466, 1157022.6645466767
0.31099999999994654, 1154639.599315458
0.31199999999994654, 1152252.1494293227
0.3129999999999465, 1149860.3443433046
0.31399999999994643, 1147464.2135703326
0.3149999999999464, 1145063.7866808837
0.3159999999999464, 1142659.0933026257
0.3169999999999463, 1140250.1631200637
0.31799999999994627, 1137837.0258741851
0.3189999999999462, 1135419.7113621023
0.3199999999999462, 1132998.2494366926
0.32099999999994616, 1130572.6700062419
0.3219999999999461, 1128143.003034082
0.32299999999994605, 1125709.2785382294
0.32399999999994605, 1123271.5265910255
0.324999999999946, 1120829.7773187673
0.32599999999994594, 1118384.0609013473
0.3269999999999459, 1115934.4075718864
0.3279999999999459, 1113480.8476163656
0.32899999999994584, 1111023.4113732574
0.3299999999999458, 1108562.129233158
0.3309999999999457, 1106097.0316384162
0.3319999999999457, 1103628.1490827608
0.3329999999999457, 1101155.5121109295
0.3339999999999456, 1098679.1513182928
0.33499999999994556, 1096199.0973504807
0.3359999999999455, 1093715.3809030065
0.3369999999999455, 1091228.032720887
0.33799999999994546, 1088737.083598268
0.3389999999999454, 1086242.564378042
0.33999999999994535, 1083744.505951467
0.34099999999994535, 1081242.9392577878
0.3419999999999453, 1078737.8952838497
0.34299999999994524, 1076229.4050637153
0.3439999999999452, 1073717.499678282
0.3449999999999452, 1071202.2102548906
0.34599999999994513, 1068683.5679669431
0.3469999999999451, 1066161.60403351
0.347999999999945, 1063636.3497189428
0.348999999999945, 1061107.8363324825
0.34999999999994497, 1058576.0952278685
0.3509999999999449, 1056041.1578029431
0.35199999999994486, 1053503.0554992598
0.35299999999994486, 1050961.8198016868
0.3539999999999448, 1048417.4822380103
0.35499999999994475, 1045870.0743785382
0.3559999999999447, 1043319.6278356992
0.3569999999999447, 1040766.1742636451
0.35799999999994464, 1038209.7453578479
0.3589999999999446, 1035650.3728546995
0.35999999999994453, 1033088.0885311067
0.36099999999994453, 1030522.9242040882
0.3619999999999445, 1027954.911730368
0.3629999999999444, 1025384.0830059692
0.36399999999994437, 1022810.469965807
0.36499999999994437, 1020234.1045832785
0.3659999999999443, 1017655.0188698531
0.36699999999994426, 1015073.2448746619
0.3679999999999442, 1012488.8146840848
0.3689999999999442, 1009901.7604213366
0.36999999999994415, 1007312.1142460547
0.3709999999999441, 1004719.90835388
0.37199999999994404, 1002125.1749760435
0.37299999999994404, 999527.9463789461
0.373999999999944, 996928.2548637394
0.37499999999994393, 994326.1327659086
0.3759999999999439, 991721.612454847
0.3769999999999439, 989114.7263334357
0.3779999999999438, 986505.5068376216
0.37899999999994377, 983893.9864359888
0.3799999999999437, 981280.1976293362
0.3809999999999437, 978664.1729502488
0.38199999999994366, 976045.9449626703
0.3829999999999436, 973425.5462614737
0.38399999999994355, 970803.0094720303
0.38499999999994355, 968178.3672497808
0.3859999999999435, 965551.6522797993
0.38699999999994344, 962922.8972763603
0.3879999999999434, 960292.1349825064
0.3889999999999434, 957659.3981696094
0.38999999999994334, 955024.7196369353
0.3909999999999433, 952388.132211204
0.3919999999999432, 949749.6687461529
0.39299999999994323, 947109.3621220917
0.3939999999999432, 944467.2452454665
0.3949999999999431, 941823.3510484123
0.39599999999994306, 939177.7124883125
0.39699999999994307, 936530.3625473513
0.397999999999943, 933881.3342320689
0.39899999999994296, 931230.6605729149
0.3999999999999429, 928578.3746237983
0.4009999999999429, 925924.5094616389
0.40199999999994285, 923269.0981859168
0.4029999999999428, 920612.1739182193
0.40399999999994274, 917953.7698017908
0.40499999999994274, 915293.9190010761
0.4059999999999427, 912632.6547012654
0.40699999999994263, 909970.0101078405
0.4079999999999426, 907306.0184461145
0.4089999999999426, 904640.7129607748
0.4099999999999425, 901974.1269154226
0.41099999999994247, 899306.2935921139
0.4119999999999424, 896637.246290895
0.4129999999999424, 893967.0183293414
0.41399999999994236, 891295.6430420924
0.4149999999999423, 888623.1537803871
0.41599999999994225, 885949.5839115964
0.41699999999994225, 883274.966818757
0.4179999999999422, 880599.3359001016
0.41899999999994214, 877922.7245685897
0.4199999999999421, 875245.1662514358
0.4209999999999421, 872566.6943896384
0.42199999999994203, 869887.3424375062
0.422999999999942, 867207.1438621844
0.4239999999999419, 864526.1321431785
0.4249999999999419, 861844.3407718773
0.42599999999994187, 859161.8032510763
0.4269999999999418, 856478.5530944994
0.42799999999994176, 853794.6238263159
0.42899999999994176, 851110.0489806635
0.4299999999999417, 848424.8621011623
0.43099999999994165, 845739.0967404349
0.4319999999999416, 843052.7864596182
0.4329999999999416, 840365.964827882
0.43399999999994154, 837678.6654219384
0.4349999999999415, 834990.9218255556
0.43599999999994143, 832302.7676290703
0.43699999999994144, 829614.2364288947
0.4379999999999414, 826925.3618270275
0.4389999999999413, 824236.1774305606
0.43999999999994127, 821546.7168511847
0.4409999999999413, 818857.0137046981
0.4419999999999412, 816167.1016105062
0.44299999999994116, 813477.0141911283
0.4439999999999411, 810786.7850716976
0.4449999999999411, 808096.4478794629
0.44599999999994105, 805406.0362432882
0.446999999999941, 802715.5837931512
0.44799999999994095, 800025.1241596405
0.44899999999994095, 797334.6909734529
0.4499999999999409, 794644.3178648876
0.45099999999994084, 791954.0384633398
0.4519999999999408, 789263.8863967957
0.4529999999999408, 786573.8952913233
0.45399999999994073, 783884.0987705612
0.4549999999999407, 781194.5304552118
0.4559999999999406, 778505.2239625274
0.4569999999999406, 775816.2129057966
0.45799999999994057, 773127.5308938336
0.4589999999999405, 770439.2115304612
0.45999999999994046, 767751.2884139941
0.46099999999994046, 765063.7951367238
0.4619999999999404, 762376.7652843983
0.46299999999994035, 759690.232435704
0.4639999999999403, 757004.2301617444
0.4649999999999403, 754318.792025519
0.46599999999994024, 751633.951581399
0.4669999999999402, 748949.7423746063
0.46799999999994013, 746266.1979406849
0.46899999999994013, 743583.3518049766
0.4699999999999401, 740901.2374820937
0.47099999999994, 738219.8884753912
0.47199999999993997, 735539.3382764339
0.47299999999993997, 732859.6203644691
0.4739999999999399, 730180.7682058947
0.47499999999993986, 727502.8152537242
0.4759999999999398, 724825.7949470525
0.4769999999999398, 722149.7407105229
0.47799999999993975, 719474.68595379
0.4789999999999397, 716800.6640709803
0.47999999999993964, 714127.7084401557
0.48099999999993964, 711455.8524227731
0.4819999999999396, 708785.1293631438
0.48299999999993953, 706115.5725878899
0.4839999999999395, 703447.2154054033
0.4849999999999395, 700780.0911053007
0.4859999999999394, 698114.232957878
0.48699999999993937, 695449.674213563
0.4879999999999393, 692786.4481023698
0.4889999999999393, 690124.5878333473
0.48999999999993926, 687464.1265940325
0.4909999999999392, 684805.0975498962
0.49199999999993915, 682147.5338437939
0.49299999999993915, 679491.4685954093
0.4939999999999391, 676836.9349007035
0.49499999999993904, 674183.9658313559
0.495999999999939, 671532.59443421
0.496999999999939, 668882.8537307145
0.49799999999993894, 666234.7767163647
0.4989999999999389, 663588.3963601427
0.4999999999999388, 660943.7456039556
0.5009999999999388, 658300.8573620734
0.5019999999999387, 655659.7645205657
0.5029999999999387, 653020.4999367372
0.5039999999999387, 650383.0964385619
0.5049999999999386, 647747.5868241161
0.5059999999999386, 645114.0038610107
0.5069999999999386, 642482.3802858219
0.5079999999999385, 639852.7488035212
0.5089999999999385, 637225.142086904
0.5099999999999384, 634599.5927760173
0.5109999999999384, 631976.1334775859
0.5119999999999384, 629354.7967644364
0.5129999999999383, 626735.6151749247
0.5139999999999383, 624118.621212356
0.5149999999999383, 621503.847344407
0.5159999999999382, 618891.3260025482
0.5169999999999382, 616281.0895814631
0.5179999999999381, 613673.1704384646
0.5189999999999381, 611067.6008929161
0.5199999999999381, 608464.4132256437
0.520999999999938, 605863.6396783552
0.521999999999938, 603265.3124530506
0.522999999999938, 600669.4637114377
0.5239999999999378, 598076.1255743426
0.5249999999999378, 595485.3301211199
0.5259999999999377, 592897.1093890634
0.5269999999999377, 590311.4953728137
0.5279999999999377, 587728.520023765
0.5289999999999376, 585148.2152494723
0.5299999999999376, 582570.6129130556
0.5309999999999376, 579995.7448326037
0.5319999999999375, 577423.6427805781
0.5329999999999375, 574854.3384832126
0.5339999999999374, 572287.8636199157
0.5349999999999374, 569724.2498226683
0.5359999999999374, 567163.5286754229
0.5369999999999373, 564605.7317135013
0.5379999999999373, 562050.890422988
0.5389999999999373, 559499.0362401282
0.5399999999999372, 556950.2005507195
0.5409999999999372, 554404.4146895051
0.5419999999999371, 551861.7099395649
0.5429999999999371, 549322.1175317066
0.5439999999999371, 546785.6686438529
0.544999999999937, 544252.3944004332
0.545999999999937, 541722.325871766
0.546999999999937, 539195.4940734487
0.5479999999999369, 536671.9299657394
0.5489999999999369, 534151.6644529427
0.5499999999999368, 531634.7283827899
0.5509999999999368, 529121.1525458224
0.5519999999999368, 526610.9676747698
0.5529999999999367, 524104.2044439315
0.5539999999999367, 521600.8934685514
0.5549999999999367, 519101.0653041978
0.5559999999999365, 516604.75044613675
0.5569999999999365, 514111.97932870744
0.5579999999999364, 511622.7823246963
0.5589999999999364, 509137.1897447076
0.5599999999999364, 506655.2318365362
0.5609999999999363, 504176.9387845368
0.5619999999999363, 501702.34070899274
0.5629999999999363, 499231.4676654841
0.5639999999999362, 496764.34964425385
0.5649999999999362, 494301.0165695738
0.5659999999999361, 491841.4982991092
0.5669999999999361, 489385.8246232807
0.5679999999999361, 486934.02526462753
0.568999999999936, 484486.1298771693
0.569999999999936, 482042.1680457642
0.570999999999936, 479602.1692854676
0.5719999999999359, 477166.16304089164
0.5729999999999359, 474734.17868555954
0.5739999999999358, 472306.24552126246
0.5749999999999358, 469882.3927774131
0.5759999999999358, 467462.64961039834
0.5769999999999357, 465047.04510293255
0.5779999999999357, 462635.60826340615
0.5789999999999357, 460228.3680252385
0.5799999999999356, 457825.35324622283
0.5809999999999356, 455426.59270787745
0.5819999999999355, 453032.1151147881
0.5829999999999355, 450641.949093957
0.5839999999999355, 448256.1231941443
0.5849999999999353, 445874.6658852112
0.5859999999999354, 443497.60555746383
0.5869999999999354, 441124.970520991
0.5879999999999352, 438756.7890050067
0.5889999999999352, 436393.08915718616
0.5899999999999351, 434033.8990430035
0.5909999999999351, 431679.2466450691
0.5919999999999351, 429329.1598624645
0.592999999999935, 426983.6665100749
0.593999999999935, 424642.79431792314
0.594999999999935, 422306.5709305008
0.5959999999999349, 419975.02390609944
0.5969999999999349, 417648.1807161393
0.5979999999999348, 415326.06874449726
0.5989999999999348, 413008.71528683504
0.5999999999999348, 410696.14754992485
0.6009999999999347, 408388.3926509735
0.6019999999999347, 406085.4776169474
0.6029999999999347, 403787.42938389437
0.6039999999999346, 401494.2747962646
0.6049999999999346, 399206.0406062329
0.6059999999999345, 396922.75347301573
0.6069999999999345, 394644.4399621913
0.6079999999999345, 392371.1265450148
0.6089999999999344, 390102.839597736
0.6099999999999344, 387839.60540091194
0.6109999999999344, 385581.45013872307
0.6119999999999343, 383328.3998982829
0.6129999999999343, 381080.480668952
0.6139999999999342, 378837.71834164596
0.6149999999999342, 376600.1387081466
0.6159999999999342, 374367.7674604082
0.616999999999934, 372140.6301898648
0.617999999999934, 369918.7523867365
0.618999999999934, 367702.15943933383
0.6199999999999339, 365490.8766333603
0.6209999999999339, 363284.9291512164
0.6219999999999338, 361084.34207129944
0.6229999999999338, 358889.1403673036
0.6239999999999338, 356699.3489075195
0.6249999999999337, 354514.9924541326
0.6259999999999337, 352336.09566251806
0.6269999999999337, 350162.6830805378
0.6279999999999336, 347994.77914783463
0.6289999999999336, 345832.4081951248
0.6299999999999335, 343675.59444349137
0.6309999999999335, 341524.3620036745
0.6319999999999335, 339378.73487536126
0.6329999999999334, 337238.73694647476
0.6339999999999334, 335104.39199246204
0.6349999999999334, 332975.7236755798
0.6359999999999333, 330852.75554418075
0.6369999999999333, 328735.51103199704
0.6379999999999332, 326624.01345742407
0.6389999999999332, 324518.28602280206
0.6399999999999332, 322418.35181369726
0.6409999999999331, 320324.2337981815
0.6419999999999331, 318235.9548261109
0.6429999999999331, 316153.53762840363
0.643999999999933, 314077.00481631554
0.644999999999933, 312006.3788807162
0.6459999999999329, 309941.68219136307
0.6469999999999329, 307882.9369961736
0.6479999999999329, 305830.1654204978
0.6489999999999327, 303783.3894663893
0.6499999999999327, 301742.631011874
0.6509999999999327, 299707.9118102192
0.6519999999999326, 297679.25348920096
0.6529999999999326, 295656.67755037005
0.6539999999999325, 293640.20536831726
0.6549999999999325, 291629.8581899374
0.6559999999999325, 289625.6571336919
0.6569999999999324, 287627.6231888708
0.6579999999999324, 285635.7772148531
0.6589999999999324, 283650.13994036644
0.6599999999999323, 281670.7319627452
0.6609999999999323, 279697.57374718814
0.6619999999999322, 277730.68562601396
0.6629999999999322, 275770.08779791615
0.6639999999999322, 273815.80032721785
0.6649999999999321, 271867.8431431233
0.6659999999999321, 269926.23603897
0.6669999999999321, 267990.9986714791
0.667999999999932, 266062.15056000475
0.668999999999932, 264139.7110857822
0.6699999999999319, 262223.69949117483
0.6709999999999319, 260314.13487891998
0.6719999999999319, 258411.03621137416
0.6729999999999318, 256514.42230975622
0.6739999999999318, 254624.3118533901
0.6749999999999318, 252740.72337894636
0.6759999999999317, 250863.6752796823
0.6769999999999317, 248993.1858046812
0.6779999999999315, 247129.27305809016
0.6789999999999315, 245271.95499835745
0.6799999999999315, 243421.24943746784
0.6809999999999314, 241577.17404017728
0.6819999999999314, 239739.74632324668
0.6829999999999314, 237908.98365467406
0.6839999999999313, 236084.90325292601
0.6849999999999313, 234267.52218616763
0.6859999999999312, 232456.85737149176
0.6869999999999312, 230652.92557414647
0.6879999999999312, 228855.7434067623
0.6889999999999311, 227065.32732857743
0.6899999999999311, 225281.69364466268
0.6909999999999311, 223504.85850514408
0.691999999999931, 221734.8379044261
0.692999999999931, 219971.64768041205
0.6939999999999309, 218215.3035137241
0.6949999999999309, 216465.82092692272
0.6959999999999309, 214723.2152837236
0.6969999999999308, 212987.5017882148
0.6979999999999308, 211258.69548407206
0.6989999999999308, 209536.81125377302
0.6999999999999307, 207821.86381781075
0.7009999999999307, 206113.86773390538
0.7019999999999306, 204412.8373962156
0.7029999999999306, 202718.78703454783
0.7039999999999306, 201031.73071356563
0.7049999999999305, 199351.68233199668
0.7059999999999305, 197678.65562183975
0.7069999999999305, 196012.66414756924
0.7079999999999304, 194353.72130534056
0.7089999999999304, 192701.84032219194
0.7099999999999302, 191057.03425524713
0.7109999999999302, 189419.31599091584
0.7119999999999302, 187788.69824409398
0.7129999999999301, 186165.19355736134
0.7139999999999301, 184548.8143001797
0.7149999999999301, 182939.57266808895
0.71599999999993, 181337.48068190186
0.71699999999993, 179742.5501868989
0.7179999999999299, 178154.79285202042
0.7189999999999299, 176574.22016905877
0.7199999999999299, 175000.84345184884
0.7209999999999298, 173434.67383545786
0.7219999999999298, 171875.72227537335
0.7229999999999298, 170323.99954669055
0.7239999999999297, 168779.516243299
0.7249999999999297, 167242.28277706678
0.7259999999999296, 165712.30937702494
0.7269999999999296, 164189.6060885502
0.7279999999999296, 162674.1827725463
0.7289999999999295, 161166.04910462486
0.7299999999999295, 159665.2145742844
0.7309999999999295, 158171.68848408893
0.7319999999999294, 156685.47994884488
0.7329999999999294, 155206.59789477693
0.7339999999999293, 153735.0510587032
0.7349999999999293, 152270.84798720886
0.7359999999999293, 150813.99703581864
0.7369999999999292, 149364.50636816822
0.7379999999999292, 147922.3839551751
0.7389999999999292, 146487.63757420704
0.739999999999929, 145060.27480825083
0.740999999999929, 143640.30304507885
0.7419999999999289, 142227.7294764151
0.7429999999999289, 140822.56109709985
0.7439999999999289, 139424.80470425327
0.7449999999999288, 138034.46689643763
0.7459999999999288, 136651.55407281898
0.7469999999999288, 135276.07243232714
0.7479999999999287, 133908.027972815
0.7489999999999287, 132547.4264902159
0.7499999999999286, 131194.2735777012
0.7509999999999286, 129848.57462483535
0.7519999999999286, 128510.33481673078
0.7529999999999285, 127179.55913320121
0.7539999999999285, 125856.25234791388
0.7549999999999285, 124540.41902754098
0.7559999999999284, 123232.06353090939
0.7569999999999284, 121931.19000814982
0.7579999999999283, 120637.80239984438
0.7589999999999283, 119351.90443617353
0.7599999999999283, 118073.4996360613
0.7609999999999282, 116802.59130632
0.7619999999999282, 115539.18254079313
0.7629999999999282, 114283.27621949793
0.7639999999999281, 113034.87500776617
0.7649999999999281, 111793.98135538395
0.765999999999928, 110560.59749573079
0.766999999999928, 109334.72544491691
0.767999999999928, 108116.36700091991
0.7689999999999279, 106905.5237427203
0.7699999999999279, 105702.1970294354
0.7709999999999279, 104506.38799945271
0.7719999999999277, 103318.09756956187
0.7729999999999277, 102137.32643408551
0.7739999999999276, 100964.07506400894
0.7749999999999276, 99798.34370610886
0.7759999999999276, 98640.13238208076
0.7769999999999275, 97489.44088766538
0.7779999999999275, 96346.26879177366
0.7789999999999275, 95210.61543561135
0.7799999999999274, 94082.47993180137
0.7809999999999274, 92961.86116350618
0.7819999999999273, 91848.75778354816
0.7829999999999273, 90743.16821352942
0.7839999999999273, 89645.09064294997
0.7849999999999272, 88554.52302832536
0.7859999999999272, 87471.46309230289
0.7869999999999272, 86395.90832277622
0.7879999999999271, 85327.85597199999
0.7889999999999271, 84267.30305570201
0.789999999999927, 83214.24635219552
0.790999999999927, 82168.68240148928
0.791999999999927, 81130.60750439717
0.7929999999999269, 80100.01772164679
0.7939999999999269, 79076.9088729861
0.7949999999999269, 78061.27653628988
0.7959999999999268, 77053.11604666444
0.7969999999999268, 76052.42249555168
0.7979999999999267, 75059.19072983143
0.7989999999999267, 74073.41535092314
0.7999999999999267, 73095.09071388631
0.8009999999999265, 72124.21092651975
0.8019999999999265, 71160.76984845976
0.8029999999999266, 70204.7610902771
0.8039999999999264, 69256.17801257296
0.8049999999999264, 68315.01372507366
0.8059999999999263, 67381.26108572436
0.8069999999999263, 66454.91269978152
0.8079999999999263, 65535.96091890438
0.8089999999999262, 64624.39784024498
0.8099999999999262, 63720.215305537626
0.8109999999999262, 62823.404900186666
0.8119999999999261, 61933.95795235353
0.8129999999999261, 61051.865532042146
0.813999999999926, 60177.118450183996
0.814999999999926, 59309.70725772142
0.815999999999926, 58449.622244689715
0.8169999999999259, 57596.85343929893
0.8179999999999259, 56751.390607013374
0.8189999999999259, 55913.22324963115
0.8199999999999258, 55082.34060436152
0.8209999999999258, 54258.73164290187
0.8219999999999257, 53442.38507051347
0.8229999999999257, 52633.28932509555
0.8239999999999257, 51831.43257625884
0.8249999999999256, 51036.80272439798
0.8259999999999256, 50249.38739976221
0.8269999999999256, 49469.173961525594
0.8279999999999255, 48696.149496855774
0.8289999999999255, 47930.30081998163
0.8299999999999254, 47171.61447125994
0.8309999999999254, 46420.0767162407
0.8319999999999254, 45675.67354473168
0.8329999999999252, 44938.39066986132
0.8339999999999252, 44208.21352714082
0.8349999999999252, 43485.127273525315
0.8359999999999251, 42769.11678647349
0.8369999999999251, 42060.16666300627
0.837999999999925, 41358.26121876439
0.838999999999925, 40663.384487064846
0.839999999999925, 39975.52021795617
0.8409999999999249, 39294.651877272416
0.8419999999999249, 38620.762645686555
0.8429999999999249, 37953.835417762144
0.8439999999999248, 37293.85280100399
0.8449999999999248, 36640.79711490818
0.8459999999999247, 35994.65039001016
0.8469999999999247, 35355.39436693255
0.8479999999999247, 34723.01049543103
0.8489999999999246, 34097.47993343982
0.8499999999999246, 33478.78354611536
0.8509999999999246, 32866.90190487955
0.8519999999999245, 32261.81528646118
0.8529999999999245, 31663.50367193668
0.8539999999999244, 31071.946745769776
0.8549999999999244, 30487.123894849596
0.8559999999999244, 29909.014207528064
0.8569999999999243, 29337.596472655987
0.8579999999999243, 28772.849178618002
0.8589999999999243, 28214.7505123666
0.8599999999999242, 27663.27835845462
0.8609999999999242, 27118.41029806697
0.861999999999924, 26580.12360805112
0.862999999999924, 26048.39525994642
0.863999999999924, 25523.20191901231
0.8649999999999239, 25004.519943255476
0.8659999999999239, 24492.325382455634
0.8669999999999239, 23986.593977190605
0.8679999999999238, 23487.30115785988
0.8689999999999238, 22994.42204370721
0.8699999999999237, 22507.93144184212
0.8709999999999237, 22027.803846260074
0.8719999999999237, 21554.01343686188
0.8729999999999236, 21086.534078471668
0.8739999999999236, 20625.339319853705
0.8749999999999236, 20170.402392728458
0.8759999999999235, 19721.696210787
0.8769999999999235, 19279.19336870484
0.8779999999999234, 18842.866141154067
0.8789999999999234, 18412.686481814944
0.8799999999999234, 17988.62602238578
0.8809999999999233, 17570.65607159225
0.8819999999999233, 17158.74761419509
0.8829999999999233, 16752.871309996972
0.8839999999999232, 16352.997492848257
0.8849999999999232, 15959.096169651344
0.8859999999999231, 15571.137019364183
0.8869999999999231, 15189.089392002536
0.8879999999999231, 14812.922307641076
0.888999999999923, 14442.604455413544
0.889999999999923, 14078.104192511446
0.890999999999923, 13719.389543181938
0.8919999999999229, 13366.42819772444
0.8929999999999229, 13019.187511486129
0.8939999999999227, 12677.634503856343
0.8949999999999227, 12341.735857259748
0.8959999999999227, 12011.45791614859
0.8969999999999226, 11686.766685993609
0.8979999999999226, 11367.627832273907
0.8989999999999226, 11054.006679465716
0.8999999999999225, 10745.868210029997
0.9009999999999225, 10443.177063398862
0.9019999999999224, 10145.897534961048
0.9029999999999224, 9853.993575046077
0.9039999999999224, 9567.428787907294
0.9049999999999223, 9286.166430703988
0.9059999999999223, 9010.169412482055
0.9069999999999223, 8739.400293153894
0.9079999999999222, 8473.821282476818
0.9089999999999222, 8213.394239030678
0.9099999999999221, 7958.080669194055
0.9109999999999221, 7707.84172611952
0.9119999999999221, 7462.638208707762
0.912999999999922, 7222.430560580431
0.913999999999922, 6987.1788690520025
0.914999999999922, 6756.842864100525
0.9159999999999219, 6531.381917337077
0.9169999999999219, 6310.755040974266
0.9179999999999218, 6094.920886793527
0.9189999999999218, 5883.837745111296
0.9199999999999218, 5677.463543744053
0.9209999999999217, 5475.755846972258
0.9219999999999217, 5278.671854503133
0.9229999999999217, 5086.168400432335
0.9239999999999216, 4898.201952204491
0.9249999999999216, 4714.728609572613
0.9259999999999214, 4535.7041035563725
0.9269999999999214, 4361.083795399261
0.9279999999999214, 4190.822675524626
0.9289999999999213, 4024.8753624905203
0.9299999999999213, 3863.196101943545
0.9309999999999213, 3705.7387655714424
0.9319999999999212, 3552.4568500546375
0.9329999999999212, 3403.303476016572
0.9339999999999211, 3258.2313869730483
0.9349999999999211, 3117.1929482802666
0.9359999999999211, 2980.140146081912
0.936999999999921, 2847.0245862549496
0.937999999999921, 2717.797493354449
0.938999999999921, 2592.409709557123
0.9399999999999209, 2470.8116936038946
0.9409999999999209, 2352.9535197411933
0.9419999999999208, 2238.78487666122
0.9429999999999208, 2128.255066441074
0.9439999999999208, 2021.3130034806818
0.9449999999999207, 1917.9072134396818
0.9459999999999207, 1817.9858321731297
0.9469999999999207, 1721.4966046661204
0.9479999999999206, 1628.3868839672125
0.9489999999999206, 1538.6036301207937
0.9499999999999205, 1452.0934090982837
0.9509999999999205, 1368.8023917282162
0.9519999999999205, 1288.676352625194
0.9529999999999204, 1211.6606691177124
0.9539999999999204, 1137.7003201748591
0.9549999999999204, 1066.7398853318828
0.9559999999999202, 998.723543614641
0.9569999999999202, 933.5950724628937
0.9579999999999201, 871.297846652518
0.9589999999999201, 811.7748372165481
0.9599999999999201, 754.9686103651113
0.96099999999992, 700.8213264042165
0.96199999999992, 649.2747386534504
0.96299999999992, 600.2701923625108
0.9639999999999199, 553.7486236266151
0.9649999999999199, 509.6505583008137
0.9659999999999198, 467.91611091312495
0.9669999999999198, 428.4849835765947
0.9679999999999198, 391.2964649001776
0.9689999999999197, 356.28942889853755
0.9699999999999197, 323.40233390067607
0.9709999999999197, 292.5732214574741
0.9719999999999196, 263.7397152480687
0.9729999999999196, 236.83901998512843
0.9739999999999195, 211.80792031898662
0.9749999999999195, 188.58277974065808
0.9759999999999195, 167.09953948371032
0.9769999999999194, 147.29371742502394
0.9779999999999194, 129.10040698441674
0.9789999999999194, 112.45427602314112
0.9799999999999193, 97.28956574125387
0.9809999999999193, 83.54008957385737
0.9819999999999192, 71.13923208621362
0.9829999999999192, 60.01994786772945
0.9839999999999192, 50.11476042481412
0.984999999999919, 41.35576107260896
0.985999999999919, 33.674607825588794
0.986999999999919, 27.002524287035442
0.9879999999999189, 21.270298537383617
0.9889999999999189, 16.408282021436897
0.9899999999999188, 12.346388434459529
0.9909999999999188, 9.014092607136483
0.9919999999999188, 6.340429389406462
0.9929999999999187, 4.253992533168706
0.9939999999999187, 2.682933573859557
0.9949999999999187, 1.5549607109017405
0.9959999999999186, 0.7973376870264535
0.9969999999999186, 0.3368826664661214
0.9979999999999185, 9.996711202022715e-2
0.9989999999999185, 1.2514660992415284e-2
0.9999999999999185, 6.789510240006604e-33